{"/Users/sumitkhandelwal/Training/Eduramp/04-Jul24_Optum/playground/frontend-javascript/utils/utility.js": {"path":"/Users/sumitkhandelwal/Training/Eduramp/04-Jul24_Optum/playground/frontend-javascript/utils/utility.js","all":false,"statementMap":{"0":{"start":{"line":1,"column":0},"end":{"line":1,"column":58}},"1":{"start":{"line":2,"column":0},"end":{"line":2,"column":0}},"2":{"start":{"line":3,"column":0},"end":{"line":3,"column":37}},"3":{"start":{"line":4,"column":0},"end":{"line":4,"column":0}},"4":{"start":{"line":5,"column":0},"end":{"line":5,"column":38}},"5":{"start":{"line":6,"column":0},"end":{"line":6,"column":0}},"6":{"start":{"line":7,"column":0},"end":{"line":7,"column":18}},"7":{"start":{"line":8,"column":0},"end":{"line":8,"column":15}},"8":{"start":{"line":9,"column":0},"end":{"line":9,"column":9}},"9":{"start":{"line":10,"column":0},"end":{"line":10,"column":12}},"10":{"start":{"line":11,"column":0},"end":{"line":11,"column":2}}},"s":{"0":1,"1":1,"2":1,"3":1,"4":1,"5":1,"6":1,"7":1,"8":1,"9":1,"10":1},"branchMap":{"0":{"type":"branch","line":1,"loc":{"start":{"line":1,"column":22},"end":{"line":1,"column":57}},"locations":[{"start":{"line":1,"column":22},"end":{"line":1,"column":57}}]},"1":{"type":"branch","line":3,"loc":{"start":{"line":3,"column":16},"end":{"line":3,"column":36}},"locations":[{"start":{"line":3,"column":16},"end":{"line":3,"column":36}}]},"2":{"type":"branch","line":5,"loc":{"start":{"line":5,"column":19},"end":{"line":5,"column":37}},"locations":[{"start":{"line":5,"column":19},"end":{"line":5,"column":37}}]}},"b":{"0":[1],"1":[2],"2":[1]},"fnMap":{"0":{"name":"getFirstName","decl":{"start":{"line":1,"column":22},"end":{"line":1,"column":57}},"loc":{"start":{"line":1,"column":22},"end":{"line":1,"column":57}},"line":1},"1":{"name":"isEven","decl":{"start":{"line":3,"column":16},"end":{"line":3,"column":36}},"loc":{"start":{"line":3,"column":16},"end":{"line":3,"column":36}},"line":3},"2":{"name":"getLength","decl":{"start":{"line":5,"column":19},"end":{"line":5,"column":37}},"loc":{"start":{"line":5,"column":19},"end":{"line":5,"column":37}},"line":5}},"f":{"0":1,"1":2,"2":1}}
}
